生成启动时间为 10/10/2016 10:59:09 AM。
     1>项目“C:\Users\Administrator.IES7LSEJAZ1GGRL\Desktop\retinex\retinex\retinex.vcxproj”在节点 2 上(build 个目标)。
     1>InitializeBuildStatus:
         正在创建“Debug\retinex.unsuccessfulbuild”，因为已指定“AlwaysCreate”。
       ClCompile:
         C:\Program Files\Microsoft Visual Studio 10.0\VC\bin\CL.exe /c /ZI /nologo /W3 /WX- /Od /Oy- /D WIN32 /D _DEBUG /D _CONSOLE /D _UNICODE /D UNICODE /Gm /EHsc /RTC1 /MDd /GS /fp:precise /Zc:wchar_t /Zc:forScope /Fo"Debug\\" /Fd"Debug\vc100.pdb" /Gd /TP /analyze- /errorReport:prompt ..\..\retinex1\retinex.cpp
         retinex.cpp
       ManifestResourceCompile:
         所有输出均为最新。
       Link:
         C:\Program Files\Microsoft Visual Studio 10.0\VC\bin\link.exe /ERRORREPORT:PROMPT /OUT:"C:\Users\Administrator.IES7LSEJAZ1GGRL\Desktop\retinex\Debug\retinex.exe" /INCREMENTAL /NOLOGO opencv_calib3d247d.lib opencv_contrib247d.lib opencv_core247d.lib opencv_features2d247d.lib opencv_flann247d.lib opencv_gpu247d.lib opencv_highgui247d.lib opencv_imgproc247d.lib opencv_legacy247d.lib opencv_ml247d.lib opencv_objdetect247d.lib opencv_ts247d.lib opencv_video247d.lib kernel32.lib user32.lib gdi32.lib winspool.lib comdlg32.lib advapi32.lib shell32.lib ole32.lib oleaut32.lib uuid.lib odbc32.lib odbccp32.lib /MANIFEST /ManifestFile:"Debug\retinex.exe.intermediate.manifest" /MANIFESTUAC:"level='asInvoker' uiAccess='false'" /DEBUG /PDB:"C:\Users\Administrator.IES7LSEJAZ1GGRL\Desktop\retinex\Debug\retinex.pdb" /SUBSYSTEM:CONSOLE /TLBID:1 /DYNAMICBASE /NXCOMPAT /IMPLIB:"C:\Users\Administrator.IES7LSEJAZ1GGRL\Desktop\retinex\Debug\retinex.lib" /MACHINE:X86 Debug\retinex.exe.embed.manifest.res
         Debug\retinex.obj
       Manifest:
         C:\Program Files\Microsoft SDKs\Windows\v7.0A\bin\mt.exe /nologo /verbose /out:"Debug\retinex.exe.embed.manifest" /manifest Debug\retinex.exe.intermediate.manifest
         所有输出均为最新。
       LinkEmbedManifest:
         所有输出均为最新。
         retinex.vcxproj -> C:\Users\Administrator.IES7LSEJAZ1GGRL\Desktop\retinex\Debug\retinex.exe
       FinalizeBuildStatus:
         正在删除文件“Debug\retinex.unsuccessfulbuild”。
         正在对“Debug\retinex.lastbuildstate”执行 Touch 任务。
     1>已完成生成项目“C:\Users\Administrator.IES7LSEJAZ1GGRL\Desktop\retinex\retinex\retinex.vcxproj”(build 个目标)的操作。

生成成功。

已用时间 00:00:02.52
